<html>
<body>
<pre>
<h1>Vision Build Log</h1>
<h2>Project:</h2>
E:\Study\Notes\单片机\实验2\template.uvproj
Project File Date:  05/16/2019

<h2>Output:</h2>
Build target 'Target 1'
compiling main.c...
MAIN.C(34): warning C280: 'Temp': unreferenced local variable
linking...
Program Size: data=16.0 xdata=0 code=237
"template" - 0 Error(s), 1 Warning(s).
Build target 'Target 1'
linking...
Program Size: data=16.0 xdata=0 code=237
creating hex file from "template"...
"template" - 0 Error(s), 0 Warning(s).
Build target 'Target 1'
compiling main.c...
MAIN.C(34): warning C280: 'Temp': unreferenced local variable
linking...
Program Size: data=17.0 xdata=0 code=238
creating hex file from "template"...
"template" - 0 Error(s), 1 Warning(s).
Build target 'Target 1'
compiling main.c...
MAIN.C(34): warning C280: 'Temp': unreferenced local variable
linking...
Program Size: data=13.0 xdata=0 code=234
creating hex file from "template"...
"template" - 0 Error(s), 1 Warning(s).
Build target 'Target 1'
compiling main.c...
MAIN.C(34): warning C280: 'Temp': unreferenced local variable
linking...
Program Size: data=13.0 xdata=0 code=234
creating hex file from "template"...
"template" - 0 Error(s), 1 Warning(s).
Build target 'Target 1'
compiling main.c...
MAIN.C(34): warning C280: 'Temp': unreferenced local variable
linking...
Program Size: data=13.0 xdata=0 code=234
creating hex file from "template"...
"template" - 0 Error(s), 1 Warning(s).
Build target 'Target 1'
compiling main.c...
MAIN.C(2): error C141: syntax error near 'b'
Target not created
Build target 'Target 1'
compiling main.c...
MAIN.C(34): warning C280: 'Temp': unreferenced local variable
linking...
Program Size: data=14.0 xdata=0 code=235
creating hex file from "template"...
"template" - 0 Error(s), 1 Warning(s).
Build target 'Target 1'
compiling main.c...
MAIN.C(2): error C243: 'array[]': string out of bounds
Target not created
Build target 'Target 1'
compiling main.c...
MAIN.C(34): warning C280: 'Temp': unreferenced local variable
linking...
Program Size: data=14.0 xdata=0 code=235
creating hex file from "template"...
"template" - 0 Error(s), 1 Warning(s).
Build target 'Target 1'
compiling main.c...
linking...
Program Size: data=13.0 xdata=0 code=235
creating hex file from "template"...
"template" - 0 Error(s), 0 Warning(s).
Build target 'Target 1'
compiling main.c...
MAIN.C(38): error C202: 'I': undefined identifier
Target not created
Build target 'Target 1'
compiling main.c...
MAIN.C(36): error C202: 'I': undefined identifier
Target not created
Build target 'Target 1'
compiling main.c...
MAIN.C(37): error C202: 'I': undefined identifier
Target not created
Build target 'Target 1'
compiling main.c...
linking...
Program Size: data=13.0 xdata=0 code=235
creating hex file from "template"...
"template" - 0 Error(s), 0 Warning(s).
Build target 'Target 1'
compiling main.c...
linking...
Program Size: data=13.0 xdata=0 code=241
creating hex file from "template"...
"template" - 0 Error(s), 0 Warning(s).
Build target 'Target 1'
compiling main.c...
linking...
Program Size: data=25.0 xdata=0 code=253
creating hex file from "template"...
"template" - 0 Error(s), 0 Warning(s).
Build target 'Target 1'
compiling main.c...
linking...
Program Size: data=25.0 xdata=0 code=253
creating hex file from "template"...
"template" - 0 Error(s), 0 Warning(s).
Build target 'Target 1'
compiling main.c...
linking...
Program Size: data=26.0 xdata=0 code=254
creating hex file from "template"...
"template" - 0 Error(s), 0 Warning(s).
Build target 'Target 1'
compiling main.c...
linking...
Program Size: data=26.0 xdata=0 code=254
creating hex file from "template"...
"template" - 0 Error(s), 0 Warning(s).
Build target 'Target 1'
compiling main.c...
linking...
Program Size: data=26.0 xdata=0 code=257
creating hex file from "template"...
"template" - 0 Error(s), 0 Warning(s).
Build target 'Target 1'
compiling main.c...
MAIN.C(4): error C141: syntax error near 'u8'
MAIN.C(6): error C141: syntax error near 'u8'
Target not created
Build target 'Target 1'
compiling main.c...
MAIN.C(30): warning C206: 'delay': missing function-prototype
MAIN.C(30): error C267: 'delay': requires ANSI-style prototype
Target not created
Build target 'Target 1'
compiling main.c...
MAIN.C(26): warning C206: 'delay1s': missing function-prototype
MAIN.C(26): error C267: 'delay1s': requires ANSI-style prototype
Target not created
Build target 'Target 1'
compiling main.c...
linking...
Program Size: data=28.0 xdata=0 code=292
creating hex file from "template"...
"template" - 0 Error(s), 0 Warning(s).
Build target 'Target 1'
compiling main.c...
linking...
Program Size: data=30.0 xdata=0 code=361
creating hex file from "template"...
"template" - 0 Error(s), 0 Warning(s).
Build target 'Target 1'
compiling main.c...
linking...
Program Size: data=30.0 xdata=0 code=362
creating hex file from "template"...
"template" - 0 Error(s), 0 Warning(s).
Build target 'Target 1'
compiling main.c...
linking...
Program Size: data=30.0 xdata=0 code=362
creating hex file from "template"...
"template" - 0 Error(s), 0 Warning(s).
Build target 'Target 1'
compiling main.c...
linking...
Program Size: data=26.0 xdata=0 code=350
creating hex file from "template"...
"template" - 0 Error(s), 0 Warning(s).
Build target 'Target 1'
compiling main.c...
linking...
Program Size: data=26.0 xdata=0 code=284
creating hex file from "template"...
"template" - 0 Error(s), 0 Warning(s).
Build target 'Target 1'
compiling main.c...
linking...
Program Size: data=26.0 xdata=0 code=284
creating hex file from "template"...
"template" - 0 Error(s), 0 Warning(s).
Build target 'Target 1'
compiling main.c...
linking...
Program Size: data=26.0 xdata=0 code=284
creating hex file from "template"...
"template" - 0 Error(s), 0 Warning(s).
Build target 'Target 1'
compiling main.c...
linking...
Program Size: data=26.0 xdata=0 code=284
creating hex file from "template"...
"template" - 0 Error(s), 0 Warning(s).
Build target 'Target 1'
compiling main.c...
linking...
Program Size: data=26.0 xdata=0 code=284
creating hex file from "template"...
"template" - 0 Error(s), 0 Warning(s).
Build target 'Target 1'
compiling main.c...
linking...
Program Size: data=26.0 xdata=0 code=387
creating hex file from "template"...
"template" - 0 Error(s), 0 Warning(s).
Build target 'Target 1'
compiling main.c...
linking...
Program Size: data=26.0 xdata=0 code=334
creating hex file from "template"...
"template" - 0 Error(s), 0 Warning(s).
Build target 'Target 1'
compiling main.c...
linking...
Program Size: data=26.0 xdata=0 code=314
creating hex file from "template"...
"template" - 0 Error(s), 0 Warning(s).
Build target 'Target 1'
compiling main.c...
linking...
Program Size: data=26.0 xdata=0 code=314
creating hex file from "template"...
"template" - 0 Error(s), 0 Warning(s).
Build target 'Target 1'
compiling main.c...
linking...
Program Size: data=26.0 xdata=0 code=314
creating hex file from "template"...
"template" - 0 Error(s), 0 Warning(s).
Build target 'Target 1'
compiling main.c...
linking...
Program Size: data=26.0 xdata=0 code=307
creating hex file from "template"...
"template" - 0 Error(s), 0 Warning(s).
Build target 'Target 1'
compiling main.c...
linking...
*** WARNING L16: UNCALLED SEGMENT, IGNORED FOR OVERLAY PROCESS
    SEGMENT: ?PR?_DELAY_LONG?MAIN
Program Size: data=26.0 xdata=0 code=307
creating hex file from "template"...
"template" - 0 Error(s), 1 Warning(s).
Build target 'Target 1'
compiling main.c...
linking...
Program Size: data=26.0 xdata=0 code=307
creating hex file from "template"...
"template" - 0 Error(s), 0 Warning(s).
Build target 'Target 1'
compiling main.c...
MAIN.C(26): warning C206: 'delay_long': missing function-prototype
MAIN.C(26): error C267: 'delay_long': requires ANSI-style prototype
Target not created
Build target 'Target 1'
compiling main.c...
linking...
Program Size: data=26.0 xdata=0 code=284
creating hex file from "template"...
"template" - 0 Error(s), 0 Warning(s).
Build target 'Target 1'
compiling main.c...
linking...
Program Size: data=26.0 xdata=0 code=284
creating hex file from "template"...
"template" - 0 Error(s), 0 Warning(s).
Build target 'Target 1'
compiling main.c...
linking...
Program Size: data=26.0 xdata=0 code=302
creating hex file from "template"...
"template" - 0 Error(s), 0 Warning(s).
Build target 'Target 1'
compiling main.c...
linking...
Program Size: data=26.0 xdata=0 code=336
creating hex file from "template"...
"template" - 0 Error(s), 0 Warning(s).
Build target 'Target 1'
compiling main.c...
linking...
Program Size: data=26.0 xdata=0 code=311
creating hex file from "template"...
"template" - 0 Error(s), 0 Warning(s).
Build target 'Target 1'
compiling main.c...
linking...
Program Size: data=26.0 xdata=0 code=301
creating hex file from "template"...
"template" - 0 Error(s), 0 Warning(s).
Build target 'Target 1'
compiling main.c...
MAIN.C(10): error C141: syntax error near ')'
Target not created
Build target 'Target 1'
compiling main.c...
MAIN.C(10): error C141: syntax error near ')'
Target not created
Build target 'Target 1'
compiling main.c...
MAIN.C(10): error C141: syntax error near ')'
Target not created
Build target 'Target 1'
compiling main.c...
MAIN.C(10): error C141: syntax error near ')'
Target not created
Build target 'Target 1'
compiling main.c...
MAIN.C(10): error C141: syntax error near ')'
Target not created
Build target 'Target 1'
compiling main.c...
MAIN.C(10): error C141: syntax error near ')'
Target not created
Build target 'Target 1'
compiling main.c...
linking...
Program Size: data=26.0 xdata=0 code=314
creating hex file from "template"...
"template" - 0 Error(s), 0 Warning(s).
Build target 'Target 1'
compiling main.c...
MAIN.C(7): warning C280: 'i': unreferenced local variable
linking...
Program Size: data=28.0 xdata=0 code=318
creating hex file from "template"...
"template" - 0 Error(s), 1 Warning(s).
Build target 'Target 1'
compiling main.c...
MAIN.C(32): error C208: 'delay_long': too many actual parameters
Target not created
Build target 'Target 1'
compiling main.c...
linking...
Program Size: data=26.0 xdata=0 code=310
creating hex file from "template"...
"template" - 0 Error(s), 0 Warning(s).
Build target 'Target 1'
compiling main.c...
linking...
Program Size: data=26.0 xdata=0 code=326
creating hex file from "template"...
"template" - 0 Error(s), 0 Warning(s).
Build target 'Target 1'
compiling main.c...
linking...
Program Size: data=26.0 xdata=0 code=326
creating hex file from "template"...
"template" - 0 Error(s), 0 Warning(s).
Build target 'Target 1'
compiling main.c...
linking...
Program Size: data=26.0 xdata=0 code=342
creating hex file from "template"...
"template" - 0 Error(s), 0 Warning(s).
Build target 'Target 1'
compiling main.c...
linking...
Program Size: data=26.0 xdata=0 code=369
creating hex file from "template"...
"template" - 0 Error(s), 0 Warning(s).
Build target 'Target 1'
compiling main.c...
linking...
Program Size: data=26.0 xdata=0 code=461
creating hex file from "template"...
"template" - 0 Error(s), 0 Warning(s).
Build target 'Target 1'
compiling main.c...
linking...
Program Size: data=26.0 xdata=0 code=388
creating hex file from "template"...
"template" - 0 Error(s), 0 Warning(s).
Build target 'Target 1'
compiling main.c...
linking...
Program Size: data=26.0 xdata=0 code=388
creating hex file from "template"...
"template" - 0 Error(s), 0 Warning(s).
Build target 'Target 1'
compiling main.c...
linking...
Program Size: data=26.0 xdata=0 code=277
creating hex file from "template"...
"template" - 0 Error(s), 0 Warning(s).
Build target 'Target 1'
compiling main.c...
linking...
*** WARNING L16: UNCALLED SEGMENT, IGNORED FOR OVERLAY PROCESS
    SEGMENT: ?PR?DELAY_LONG?MAIN
Program Size: data=26.0 xdata=0 code=294
creating hex file from "template"...
"template" - 0 Error(s), 1 Warning(s).
Build target 'Target 1'
compiling main.c...
linking...
Program Size: data=26.0 xdata=0 code=297
creating hex file from "template"...
"template" - 0 Error(s), 0 Warning(s).
Build target 'Target 1'
compiling main.c...
linking...
Program Size: data=27.0 xdata=0 code=298
creating hex file from "template"...
"template" - 0 Error(s), 0 Warning(s).
Build target 'Target 1'
compiling main.c...
linking...
Program Size: data=27.0 xdata=0 code=298
creating hex file from "template"...
"template" - 0 Error(s), 0 Warning(s).
Build target 'Target 1'
compiling main.c...
MAIN.C(39): error C141: syntax error near 'if'
Target not created
compiling main.c...
main.c - 0 Error(s), 0 Warning(s).
Build target 'Target 1'
linking...
Program Size: data=26.0 xdata=0 code=300
creating hex file from "template"...
"template" - 0 Error(s), 0 Warning(s).
Build target 'Target 1'
compiling main.c...
linking...
Program Size: data=26.0 xdata=0 code=297
creating hex file from "template"...
"template" - 0 Error(s), 0 Warning(s).
Build target 'Target 1'
linking...
Program Size: data=26.0 xdata=0 code=297
creating hex file from "template"...
"template" - 0 Error(s), 0 Warning(s).
Build target 'Target 1'
compiling main.c...
linking...
Program Size: data=26.0 xdata=0 code=297
creating hex file from "template"...
"template" - 0 Error(s), 0 Warning(s).
Build target 'Target 1'
compiling main.c...
linking...
Program Size: data=26.0 xdata=0 code=297
creating hex file from "template"...
"template" - 0 Error(s), 0 Warning(s).
