<html>
<body>
<pre>
<h1>Vision Build Log</h1>
<h2>Project:</h2>
E:\Study\Notes\单片机\实验1\1\kk.uvproj
Project File Date:  05/15/2019

<h2>Output:</h2>
Build target 'Target 1'
compiling A.c...
linking...
Program Size: data=12.0 xdata=0 code=367
"kk" - 0 Error(s), 0 Warning(s).
Build target 'Target 1'
compiling A.c...
linking...
Program Size: data=12.0 xdata=0 code=367
creating hex file from "kk"...
"kk" - 0 Error(s), 0 Warning(s).
Build target 'Target 1'
compiling A.c...
linking...
Program Size: data=12.0 xdata=0 code=367
creating hex file from "kk"...
"kk" - 0 Error(s), 0 Warning(s).
Build target 'Target 1'
compiling A.c...
linking...
Program Size: data=12.0 xdata=0 code=367
creating hex file from "kk"...
"kk" - 0 Error(s), 0 Warning(s).
Build target 'Target 1'
compiling A.c...
linking...
Program Size: data=12.0 xdata=0 code=367
creating hex file from "kk"...
"kk" - 0 Error(s), 0 Warning(s).
Build target 'Target 1'
compiling A.c...
linking...
Program Size: data=12.0 xdata=0 code=369
creating hex file from "kk"...
"kk" - 0 Error(s), 0 Warning(s).
Build target 'Target 1'
compiling A.c...
linking...
Program Size: data=12.0 xdata=0 code=367
creating hex file from "kk"...
"kk" - 0 Error(s), 0 Warning(s).
Build target 'Target 1'
compiling A.c...
linking...
Program Size: data=12.0 xdata=0 code=369
creating hex file from "kk"...
"kk" - 0 Error(s), 0 Warning(s).
Build target 'Target 1'
compiling A.c...
linking...
Program Size: data=12.0 xdata=0 code=388
creating hex file from "kk"...
"kk" - 0 Error(s), 0 Warning(s).
Build target 'Target 1'
compiling A.c...
A.C(68): error C141: syntax error near '&&'
A.C(69): error C141: syntax error near '{'
A.C(80): error C141: syntax error near '&&'
A.C(81): error C141: syntax error near '{'
Target not created
Build target 'Target 1'
compiling A.c...
A.C(68): error C141: syntax error near '&&'
A.C(69): error C141: syntax error near '{'
A.C(80): error C141: syntax error near '&&'
A.C(81): error C141: syntax error near '{'
Target not created
Build target 'Target 1'
compiling A.c...
linking...
Program Size: data=12.0 xdata=0 code=381
creating hex file from "kk"...
"kk" - 0 Error(s), 0 Warning(s).
Build target 'Target 1'
compiling A.c...
linking...
Program Size: data=14.0 xdata=0 code=396
creating hex file from "kk"...
"kk" - 0 Error(s), 0 Warning(s).
Build target 'Target 1'
compiling A.c...
linking...
Program Size: data=14.0 xdata=0 code=396
creating hex file from "kk"...
"kk" - 0 Error(s), 0 Warning(s).
Build target 'Target 1'
compiling A.c...
linking...
Program Size: data=14.0 xdata=0 code=391
creating hex file from "kk"...
"kk" - 0 Error(s), 0 Warning(s).
Build target 'Target 1'
compiling A.c...
linking...
Program Size: data=14.0 xdata=0 code=394
creating hex file from "kk"...
"kk" - 0 Error(s), 0 Warning(s).
Build target 'Target 1'
compiling A.c...
linking...
Program Size: data=14.0 xdata=0 code=390
creating hex file from "kk"...
"kk" - 0 Error(s), 0 Warning(s).
Build target 'Target 1'
compiling A.c...
linking...
*** WARNING L16: UNCALLED SEGMENT, IGNORED FOR OVERLAY PROCESS
    SEGMENT: ?PR?INT0INIT?A
Program Size: data=14.0 xdata=0 code=389
creating hex file from "kk"...
"kk" - 0 Error(s), 1 Warning(s).
Build target 'Target 1'
compiling A.c...
linking...
*** WARNING L16: UNCALLED SEGMENT, IGNORED FOR OVERLAY PROCESS
    SEGMENT: ?PR?INT1INIT?A
Program Size: data=14.0 xdata=0 code=387
creating hex file from "kk"...
"kk" - 0 Error(s), 1 Warning(s).
Build target 'Target 1'
compiling A.c...
linking...
*** WARNING L16: UNCALLED SEGMENT, IGNORED FOR OVERLAY PROCESS
    SEGMENT: ?PR?INT0INIT?A
*** WARNING L16: UNCALLED SEGMENT, IGNORED FOR OVERLAY PROCESS
    SEGMENT: ?PR?INT1INIT?A
Program Size: data=14.0 xdata=0 code=386
creating hex file from "kk"...
"kk" - 0 Error(s), 2 Warning(s).
Build target 'Target 1'
compiling A.c...
linking...
Program Size: data=14.0 xdata=0 code=376
creating hex file from "kk"...
"kk" - 0 Error(s), 0 Warning(s).
compiling A.c...
A.c(1): warning C318: can't open file 'SST89x5x4.h'
A.C(15): error C202: 'P1': undefined identifier
A.C(17): error C202: 'P1': undefined identifier
A.C(19): error C141: syntax error near '}'
A.C(26): error C202: 'P1': undefined identifier
A.c - 4 Error(s), 1 Warning(s).
Build target 'Target 1'
compiling A.c...
A.c(1): warning C318: can't open file 'SST89x5x4.h'
A.C(15): error C202: 'P1': undefined identifier
A.C(17): error C202: 'P1': undefined identifier
A.C(19): error C141: syntax error near '}'
A.C(26): error C202: 'P1': undefined identifier
Target not created
