<html>
<body>
<pre>
<h1>Vision Build Log</h1>
<h2>Project:</h2>
E:\Study\Notes\单片机\实验2.2\实验2.2.uvproj
Project File Date:  05/17/2019

<h2>Output:</h2>
Build target 'Target 1'
compiling main.c...
linking...
Program Size: data=9.0 xdata=0 code=46
creating hex file from "实验2.2"...
"实验2.2" - 0 Error(s), 0 Warning(s).
Build target 'Target 1'
compiling main.c...
linking...
Program Size: data=9.0 xdata=0 code=46
creating hex file from "实验2.2"...
"实验2.2" - 0 Error(s), 0 Warning(s).
Build target 'Target 1'
compiling main.c...
linking...
Program Size: data=9.0 xdata=0 code=46
creating hex file from "实验2.2"...
"实验2.2" - 0 Error(s), 0 Warning(s).
Build target 'Target 1'
compiling main.c...
linking...
Program Size: data=9.0 xdata=0 code=46
creating hex file from "实验2.2"...
"实验2.2" - 0 Error(s), 0 Warning(s).
Build target 'Target 1'
compiling main.c...
linking...
Program Size: data=9.0 xdata=0 code=46
creating hex file from "实验2.2"...
"实验2.2" - 0 Error(s), 0 Warning(s).
Build target 'Target 1'
compiling main.c...
linking...
Program Size: data=9.0 xdata=0 code=46
creating hex file from "实验2.2"...
"实验2.2" - 0 Error(s), 0 Warning(s).
Build target 'Target 1'
compiling main.c...
linking...
Program Size: data=9.0 xdata=0 code=46
creating hex file from "实验2.2"...
"实验2.2" - 0 Error(s), 0 Warning(s).
Build target 'Target 1'
compiling main.c...
linking...
Program Size: data=9.0 xdata=0 code=46
creating hex file from "实验2.2"...
"实验2.2" - 0 Error(s), 0 Warning(s).
Build target 'Target 1'
compiling main.c...
linking...
*** WARNING L16: UNCALLED SEGMENT, IGNORED FOR OVERLAY PROCESS
    SEGMENT: ?PR?TIMER0INIT?MAIN
Program Size: data=11.0 xdata=0 code=104
creating hex file from "实验2.2"...
"实验2.2" - 0 Error(s), 1 Warning(s).
Build target 'Target 1'
compiling main.c...
linking...
*** WARNING L16: UNCALLED SEGMENT, IGNORED FOR OVERLAY PROCESS
    SEGMENT: ?PR?_DELAY?MAIN
Program Size: data=11.0 xdata=0 code=89
creating hex file from "实验2.2"...
"实验2.2" - 0 Error(s), 1 Warning(s).
Build target 'Target 1'
compiling main.c...
MAIN.C(44): error C141: syntax error near 'TH0'
MAIN.C(51): error C141: syntax error near '}'
Target not created
Build target 'Target 1'
compiling main.c...
MAIN.C(51): error C141: syntax error near '}'
Target not created
Build target 'Target 1'
compiling main.c...
linking...
*** WARNING L16: UNCALLED SEGMENT, IGNORED FOR OVERLAY PROCESS
    SEGMENT: ?PR?_DELAY?MAIN
Program Size: data=13.0 xdata=0 code=117
creating hex file from "实验2.2"...
"实验2.2" - 0 Error(s), 1 Warning(s).
Build target 'Target 1'
compiling main.c...
linking...
*** WARNING L16: UNCALLED SEGMENT, IGNORED FOR OVERLAY PROCESS
    SEGMENT: ?PR?_DELAY?MAIN
Program Size: data=13.0 xdata=0 code=106
creating hex file from "实验2.2"...
"实验2.2" - 0 Error(s), 1 Warning(s).
Build target 'Target 1'
compiling main.c...
linking...
*** WARNING L16: UNCALLED SEGMENT, IGNORED FOR OVERLAY PROCESS
    SEGMENT: ?PR?_DELAY?MAIN
Program Size: data=13.0 xdata=0 code=109
creating hex file from "实验2.2"...
"实验2.2" - 0 Error(s), 1 Warning(s).
Build target 'Target 1'
compiling main.c...
linking...
*** WARNING L16: UNCALLED SEGMENT, IGNORED FOR OVERLAY PROCESS
    SEGMENT: ?PR?_DELAY?MAIN
Program Size: data=13.0 xdata=0 code=109
creating hex file from "实验2.2"...
"实验2.2" - 0 Error(s), 1 Warning(s).
Build target 'Target 1'
compiling main.c...
linking...
*** WARNING L16: UNCALLED SEGMENT, IGNORED FOR OVERLAY PROCESS
    SEGMENT: ?PR?_DELAY?MAIN
Program Size: data=13.0 xdata=0 code=109
creating hex file from "实验2.2"...
"实验2.2" - 0 Error(s), 1 Warning(s).
